
> expo-app@1.0.0 start-web
> npx rork start -p zhngnon6pwob6kv26fjmi --web --tunnel

Starting project at C:\Users\nmazh\OneDrive\Documents\LimbRise\Reebound\rork-reebound-2.0
Starting Metro Bundler
Tunnel connected.
Tunnel ready.
The following packages should be updated for best compatibility with the installed expo version:
  expo@54.0.32 - expected version: ~54.0.33
  expo-router@6.0.22 - expected version: ~6.0.23
Your project may not work correctly until you install the expected versions of the packages.
Waiting on http://localhost:8081
Logs for your project will appear below.
Web node_modules\expo-router\entry.js 풉칱칝풉칱칝풉칱칝풉칱칝풉칱칝풉칱칝풉칱칝풉칱칝풉칱칝풉칱칝풉칱칝풉칱칝풉칱칝풉칱칝풉칱칝풉칱칝  0.0% (0/1)
Web node_modules\expo-router\entry.js 풉칱칪풉칱칪풉칱칪풉칱칪풉칱칝풉칱칝풉칱칝풉칱칝풉칱칝풉칱칝풉칱칝풉칱칝풉칱칝풉칱칝풉칱칝풉칱칝 27.0% (236/454)
Web node_modules\expo-router\entry.js 풉칱칪풉칱칪풉칱칪풉칱칪풉칱칪풉칱칪풉칱칪풉칱칪풉칱칪풉칱칝풉칱칝풉칱칝풉칱칝풉칱칝풉칱칝풉칱칝 60.1% (693/894)
Web node_modules\expo-router\entry.js 풉칱칪풉칱칪풉칱칪풉칱칪풉칱칪풉칱칪풉칱칪풉칱칪풉칱칪풉칱칪풉칱칪풉칱칝풉칱칝풉칱칝풉칱칝풉칱칝 72.4% (844/993)
Web node_modules\expo-router\entry.js 풉칱칪풉칱칪풉칱칪풉칱칪풉칱칪풉칱칪풉칱칪풉칱칪풉칱칪풉칱칪풉칱칪풉칱칪풉칱칪풉칱칪풉칱칝풉칱칝 92.0% (2986/3131)
Web Bundled 17095ms node_modules\expo-router\entry.js (3449 modules)
 LOG  [web] Logs will appear in the browser console
Tunnel connection has been closed. This is often related to intermittent connection issues between the dev server and ngrok. Restart the dev server to try connecting to ngrok again.
Check the Ngrok status page for outages: https://status.ngrok.com/
Tunnel connected.
Web node_modules\expo-router\entry.js 풉칱칝풉칱칝풉칱칝풉칱칝풉칱칝풉칱칝풉칱칝풉칱칝풉칱칝풉칱칝풉칱칝풉칱칝풉칱칝풉칱칝풉칱칝풉칱칝  0.0% (0/1)
Web Bundled 527ms node_modules\expo-router\entry.js (1 module)
